  main.cpp
C:\Program Files\IDA Professional 9.0\sdk\include\pro.h(3746,13): warning C4267: 'argument': conversion from 'size_t' to 'uint32', possible loss of data
  (compiling source file 'main.cpp')
  
C:\Program Files\IDA Professional 9.0\sdk\include\pro.h(3772,13): warning C4267: 'argument': conversion from 'size_t' to 'uint32', possible loss of data
  (compiling source file 'main.cpp')
  
C:\Program Files\IDA Professional 9.0\sdk\include\pro.h(3793,16): warning C4267: 'initializing': conversion from 'size_t' to 'int', possible loss of data
  (compiling source file 'main.cpp')
  
C:\Program Files\IDA Professional 9.0\sdk\include\pro.h(4599,109): warning C4267: 'argument': conversion from 'size_t' to 'int', possible loss of data
  (compiling source file 'main.cpp')
  
C:\Program Files\IDA Professional 9.0\sdk\include\nalt.hpp(1406,55): warning C4267: 'return': conversion from 'size_t' to 'ea_t', possible loss of data
  (compiling source file 'main.cpp')
  
C:\Program Files\IDA Professional 9.0\sdk\include\nalt.hpp(1412,60): warning C4267: 'argument': conversion from 'size_t' to 'nodeidx_t', possible loss of data
  (compiling source file 'main.cpp')
  
C:\Program Files\IDA Professional 9.0\sdk\include\nalt.hpp(1451,63): warning C4267: 'return': conversion from 'size_t' to 'ushort', possible loss of data
  (compiling source file 'main.cpp')
  
C:\Program Files\IDA Professional 9.0\sdk\include\idp.hpp(1893,17): warning C4244: 'initializing': conversion from 'ssize_t' to 'int', possible loss of data
  (compiling source file 'main.cpp')
  
C:\Program Files\IDA Professional 9.0\sdk\include\idp.hpp(2316,12): warning C4244: 'initializing': conversion from 'ssize_t' to 'int', possible loss of data
  (compiling source file 'main.cpp')
  
C:\Program Files\IDA Professional 9.0\sdk\include\idp.hpp(2477,12): warning C4244: 'initializing': conversion from 'ssize_t' to 'int', possible loss of data
  (compiling source file 'main.cpp')
  
C:\Program Files\IDA Professional 9.0\sdk\include\idp.hpp(2665,12): warning C4244: 'initializing': conversion from 'ssize_t' to 'int', possible loss of data
  (compiling source file 'main.cpp')
  
C:\Program Files\IDA Professional 9.0\sdk\include\idp.hpp(3247,14): warning C4267: 'return': conversion from 'size_t' to 'int', possible loss of data
  (compiling source file 'main.cpp')
  
C:\Users\Louis\source\repos\IDA-Fusion\IDA-Fusion\n_utils.h(26,21): warning C4267: 'initializing': conversion from 'size_t' to 'u32', possible loss of data
  (compiling source file 'main.cpp')
  
C:\Users\Louis\source\repos\IDA-Fusion\IDA-Fusion\c_signature_generator.h(64,27): warning C4267: 'initializing': conversion from 'size_t' to 'i32', possible loss of data
  (compiling source file 'main.cpp')
  
C:\Users\Louis\source\repos\IDA-Fusion\IDA-Fusion\c_signature_generator.h(68,28): warning C4267: '+=': conversion from 'size_t' to 'i32', possible loss of data
  (compiling source file 'main.cpp')
  
C:\Users\Louis\source\repos\IDA-Fusion\IDA-Fusion\n_signature.h(124,89): warning C4018: '>=': signed/unsigned mismatch
  (compiling source file 'main.cpp')
  
C:\Users\Louis\source\repos\IDA-Fusion\IDA-Fusion\n_signature.h(159,89): warning C4018: '>=': signed/unsigned mismatch
  (compiling source file 'main.cpp')
  
     Creating library C:\Users\Louis\source\repos\IDA-Fusion\x64\Release\IDA-Fusion.lib and object C:\Users\Louis\source\repos\IDA-Fusion\x64\Release\IDA-Fusion.exp
  Generating code
  990 of 991 functions (99.9%) were compiled, the rest were copied from previous compilation.
    986 functions were new in current compilation
    0 functions had inline decision re-evaluated but remain unchanged
  Finished generating code
  IDA-Fusion.vcxproj -> C:\Users\Louis\source\repos\IDA-Fusion\x64\Release\IDA-Fusion.dll
